<?xml version="1.0" ?>
<!DOCTYPE coverage SYSTEM "http://cobertura.sourceforge.net/xml/coverage-04.dtd">
<coverage lines-valid="1143" lines-covered="1103" line-rate="0.965" branches-valid="250" branches-covered="202" branch-rate="0.8079999999999999" timestamp="1774215537262" complexity="0" version="0.1">
  <sources>
    <source>/Users/erikgratz/Code/LangApp/frontend</source>
  </sources>
  <packages>
    <package name="src" line-rate="1" branch-rate="0.8823000000000001">
      <classes>
        <class name="App.tsx" filename="src/App.tsx" line-rate="1" branch-rate="1">
          <methods>
            <method name="App" hits="1" signature="()V">
              <lines>
                <line number="9" hits="1"/>
              </lines>
            </method>
          </methods>
          <lines>
            <line number="1" hits="1" branch="false"/>
            <line number="9" hits="1" branch="true" condition-coverage="100% (1/1)"/>
            <line number="10" hits="1" branch="false"/>
            <line number="11" hits="1" branch="false"/>
            <line number="12" hits="1" branch="false"/>
            <line number="13" hits="1" branch="false"/>
            <line number="14" hits="1" branch="false"/>
            <line number="15" hits="1" branch="false"/>
            <line number="16" hits="1" branch="false"/>
            <line number="17" hits="1" branch="false"/>
            <line number="18" hits="1" branch="false"/>
            <line number="19" hits="1" branch="false"/>
            <line number="20" hits="1" branch="false"/>
            <line number="21" hits="1" branch="false"/>
            <line number="22" hits="1" branch="false"/>
            <line number="24" hits="1" branch="false"/>
          </lines>
        </class>
        <class name="api.ts" filename="src/api.ts" line-rate="1" branch-rate="0.8787">
          <methods>
            <method name="authHeaders" hits="2" signature="()V">
              <lines>
                <line number="3" hits="2"/>
              </lines>
            </method>
            <method name="headers" hits="36" signature="()V">
              <lines>
                <line number="7" hits="36"/>
              </lines>
            </method>
            <method name="apiJson" hits="30" signature="()V">
              <lines>
                <line number="13" hits="30"/>
              </lines>
            </method>
            <method name="streamChat" hits="4" signature="()V">
              <lines>
                <line number="25" hits="4"/>
              </lines>
            </method>
            <method name="voiceTurn" hits="2" signature="()V">
              <lines>
                <line number="62" hits="2"/>
              </lines>
            </method>
            <method name="fetchGloss" hits="2" signature="()V">
              <lines>
                <line number="93" hits="2"/>
              </lines>
            </method>
            <method name="generateVocabPack" hits="1" signature="()V">
              <lines>
                <line number="101" hits="1"/>
              </lines>
            </method>
            <method name="fetchVocabMcq" hits="1" signature="()V">
              <lines>
                <line number="114" hits="1"/>
              </lines>
            </method>
            <method name="gradeVocabProduction" hits="1" signature="()V">
              <lines>
                <line number="126" hits="1"/>
              </lines>
            </method>
            <method name="completeCardIntro" hits="1" signature="()V">
              <lines>
                <line number="134" hits="1"/>
              </lines>
            </method>
            <method name="playWavBase64" hits="1" signature="()V">
              <lines>
                <line number="138" hits="1"/>
              </lines>
            </method>
            <method name="a.onended" hits="0" signature="()V">
              <lines>
                <line number="146" hits="0"/>
              </lines>
            </method>
          </methods>
          <lines>
            <line number="1" hits="1" branch="false"/>
            <line number="3" hits="1" branch="true" condition-coverage="100% (1/1)"/>
            <line number="4" hits="2" branch="true" condition-coverage="0% (0/1)"/>
            <line number="5" hits="2" branch="false"/>
            <line number="7" hits="36" branch="true" condition-coverage="100% (1/1)"/>
            <line number="8" hits="36" branch="false"/>
            <line number="9" hits="36" branch="true" condition-coverage="0% (0/1)"/>
            <line number="10" hits="36" branch="false"/>
            <line number="11" hits="36" branch="false"/>
            <line number="13" hits="30" branch="true" condition-coverage="100% (1/1)"/>
            <line number="14" hits="30" branch="false"/>
            <line number="15" hits="30" branch="false"/>
            <line number="16" hits="30" branch="true" condition-coverage="100% (1/1)"/>
            <line number="17" hits="30" branch="false"/>
            <line number="18" hits="30" branch="true" condition-coverage="100% (1/1)"/>
            <line number="19" hits="3" branch="false"/>
            <line number="20" hits="3" branch="true" condition-coverage="100% (1/1)"/>
            <line number="21" hits="3" branch="true" condition-coverage="100% (1/1)"/>
            <line number="22" hits="27" branch="false"/>
            <line number="23" hits="27" branch="false"/>
            <line number="25" hits="4" branch="true" condition-coverage="100% (1/1)"/>
            <line number="26" hits="4" branch="false"/>
            <line number="27" hits="4" branch="false"/>
            <line number="28" hits="4" branch="false"/>
            <line number="29" hits="4" branch="false"/>
            <line number="30" hits="4" branch="false"/>
            <line number="31" hits="4" branch="false"/>
            <line number="32" hits="4" branch="false"/>
            <line number="33" hits="4" branch="false"/>
            <line number="34" hits="4" branch="false"/>
            <line number="35" hits="4" branch="true" condition-coverage="100% (2/2)"/>
            <line number="36" hits="3" branch="false"/>
            <line number="37" hits="3" branch="false"/>
            <line number="38" hits="3" branch="false"/>
            <line number="39" hits="4" branch="true" condition-coverage="100% (1/1)"/>
            <line number="40" hits="10" branch="false"/>
            <line number="41" hits="10" branch="true" condition-coverage="100% (2/2)"/>
            <line number="42" hits="7" branch="false"/>
            <line number="43" hits="7" branch="false"/>
            <line number="44" hits="7" branch="false"/>
            <line number="45" hits="10" branch="true" condition-coverage="100% (1/1)"/>
            <line number="46" hits="7" branch="false"/>
            <line number="47" hits="7" branch="false"/>
            <line number="48" hits="7" branch="false"/>
            <line number="49" hits="7" branch="true" condition-coverage="100% (3/3)"/>
            <line number="50" hits="5" branch="false"/>
            <line number="51" hits="5" branch="false"/>
            <line number="52" hits="6" branch="true" condition-coverage="100% (1/1)"/>
            <line number="53" hits="7" branch="true" condition-coverage="100% (1/1)"/>
            <line number="55" hits="1" branch="false"/>
            <line number="56" hits="7" branch="false"/>
            <line number="57" hits="7" branch="false"/>
            <line number="58" hits="7" branch="false"/>
            <line number="59" hits="7" branch="false"/>
            <line number="60" hits="4" branch="false"/>
            <line number="62" hits="2" branch="true" condition-coverage="100% (1/1)"/>
            <line number="63" hits="2" branch="false"/>
            <line number="64" hits="2" branch="false"/>
            <line number="65" hits="2" branch="false"/>
            <line number="66" hits="2" branch="false"/>
            <line number="71" hits="2" branch="false"/>
            <line number="72" hits="2" branch="false"/>
            <line number="73" hits="2" branch="false"/>
            <line number="74" hits="2" branch="false"/>
            <line number="75" hits="2" branch="true" condition-coverage="0% (0/1)"/>
            <line number="76" hits="2" branch="true" condition-coverage="0% (0/1)"/>
            <line number="77" hits="2" branch="false"/>
            <line number="78" hits="2" branch="false"/>
            <line number="79" hits="2" branch="false"/>
            <line number="80" hits="2" branch="false"/>
            <line number="81" hits="2" branch="false"/>
            <line number="82" hits="2" branch="true" condition-coverage="100% (1/1)"/>
            <line number="83" hits="1" branch="false"/>
            <line number="84" hits="1" branch="false"/>
            <line number="93" hits="2" branch="true" condition-coverage="100% (1/1)"/>
            <line number="94" hits="2" branch="false"/>
            <line number="95" hits="2" branch="false"/>
            <line number="96" hits="2" branch="false"/>
            <line number="97" hits="2" branch="true" condition-coverage="100% (1/1)"/>
            <line number="98" hits="2" branch="false"/>
            <line number="99" hits="2" branch="false"/>
            <line number="101" hits="1" branch="true" condition-coverage="100% (1/1)"/>
            <line number="106" hits="1" branch="false"/>
            <line number="107" hits="1" branch="false"/>
            <line number="108" hits="1" branch="false"/>
            <line number="109" hits="1" branch="false"/>
            <line number="110" hits="1" branch="false"/>
            <line number="111" hits="1" branch="false"/>
            <line number="112" hits="1" branch="false"/>
            <line number="114" hits="1" branch="true" condition-coverage="100% (1/1)"/>
            <line number="118" hits="1" branch="false"/>
            <line number="119" hits="1" branch="false"/>
            <line number="120" hits="1" branch="false"/>
            <line number="121" hits="1" branch="false"/>
            <line number="122" hits="1" branch="false"/>
            <line number="123" hits="1" branch="false"/>
            <line number="124" hits="1" branch="false"/>
            <line number="126" hits="1" branch="true" condition-coverage="100% (1/1)"/>
            <line number="127" hits="1" branch="false"/>
            <line number="128" hits="1" branch="false"/>
            <line number="129" hits="1" branch="false"/>
            <line number="130" hits="1" branch="false"/>
            <line number="131" hits="1" branch="false"/>
            <line number="132" hits="1" branch="false"/>
            <line number="134" hits="1" branch="true" condition-coverage="100% (1/1)"/>
            <line number="135" hits="1" branch="false"/>
            <line number="136" hits="1" branch="false"/>
            <line number="138" hits="1" branch="true" condition-coverage="100% (1/1)"/>
            <line number="139" hits="1" branch="false"/>
            <line number="140" hits="1" branch="false"/>
            <line number="141" hits="1" branch="true" condition-coverage="100% (1/1)"/>
            <line number="142" hits="1" branch="false"/>
            <line number="143" hits="1" branch="false"/>
            <line number="144" hits="1" branch="false"/>
            <line number="145" hits="1" branch="false"/>
            <line number="146" hits="1" branch="false"/>
            <line number="147" hits="1" branch="false"/>
          </lines>
        </class>
      </classes>
    </package>
    <package name="src.components" line-rate="0.9538" branch-rate="0.8281000000000001">
      <classes>
        <class name="AudioRecorder.tsx" filename="src/components/AudioRecorder.tsx" line-rate="1" branch-rate="0.7857">
          <methods>
            <method name="AudioRecorder" hits="8" signature="()V">
              <lines>
                <line number="8" hits="8"/>
              </lines>
            </method>
            <method name="mr.onstop" hits="1" signature="()V">
              <lines>
                <line number="15" hits="1"/>
              </lines>
            </method>
            <method name="mr.ondataavailable" hits="1" signature="()V">
              <lines>
                <line number="36" hits="1"/>
              </lines>
            </method>
            <method name="onClick" hits="1" signature="()V">
              <lines>
                <line number="47" hits="1"/>
              </lines>
            </method>
            <method name="onClick" hits="1" signature="()V">
              <lines>
                <line number="51" hits="1"/>
              </lines>
            </method>
          </methods>
          <lines>
            <line number="1" hits="1" branch="false"/>
            <line number="8" hits="1" branch="true" condition-coverage="100% (1/1)"/>
            <line number="9" hits="8" branch="false"/>
            <line number="10" hits="8" branch="false"/>
            <line number="11" hits="8" branch="false"/>
            <line number="13" hits="8" branch="false"/>
            <line number="14" hits="8" branch="true" condition-coverage="100% (1/1)"/>
            <line number="15" hits="1" branch="true" condition-coverage="100% (1/1)"/>
            <line number="16" hits="1" branch="true" condition-coverage="0% (0/1)"/>
            <line number="17" hits="1" branch="false"/>
            <line number="18" hits="1" branch="false"/>
            <line number="19" hits="1" branch="false"/>
            <line number="20" hits="1" branch="false"/>
            <line number="21" hits="1" branch="false"/>
            <line number="22" hits="1" branch="false"/>
            <line number="23" hits="1" branch="true" condition-coverage="100% (1/1)"/>
            <line number="24" hits="1" branch="false"/>
            <line number="25" hits="8" branch="false"/>
            <line number="26" hits="8" branch="false"/>
            <line number="28" hits="8" branch="true" condition-coverage="100% (1/1)"/>
            <line number="29" hits="1" branch="true" condition-coverage="0% (0/1)"/>
            <line number="30" hits="1" branch="false"/>
            <line number="31" hits="1" branch="false"/>
            <line number="32" hits="1" branch="false"/>
            <line number="33" hits="1" branch="true" condition-coverage="0% (0/1)"/>
            <line number="34" hits="1" branch="false"/>
            <line number="35" hits="1" branch="false"/>
            <line number="36" hits="1" branch="true" condition-coverage="100% (1/1)"/>
            <line number="37" hits="1" branch="false"/>
            <line number="38" hits="1" branch="false"/>
            <line number="39" hits="1" branch="false"/>
            <line number="40" hits="1" branch="false"/>
            <line number="41" hits="1" branch="false"/>
            <line number="42" hits="8" branch="false"/>
            <line number="44" hits="8" branch="false"/>
            <line number="45" hits="8" branch="false"/>
            <line number="46" hits="8" branch="true" condition-coverage="100% (1/1)"/>
            <line number="47" hits="7" branch="true" condition-coverage="100% (2/2)"/>
            <line number="49" hits="7" branch="true" condition-coverage="100% (1/1)"/>
            <line number="51" hits="1" branch="true" condition-coverage="100% (1/1)"/>
            <line number="53" hits="1" branch="false"/>
            <line number="55" hits="8" branch="false"/>
            <line number="57" hits="8" branch="false"/>
          </lines>
        </class>
        <class name="Layout.tsx" filename="src/components/Layout.tsx" line-rate="1" branch-rate="1">
          <methods>
            <method name="Layout" hits="17" signature="()V">
              <lines>
                <line number="12" hits="17"/>
              </lines>
            </method>
          </methods>
          <lines>
            <line number="1" hits="1" branch="false"/>
            <line number="4" hits="1" branch="false"/>
            <line number="5" hits="1" branch="false"/>
            <line number="6" hits="1" branch="false"/>
            <line number="7" hits="1" branch="false"/>
            <line number="8" hits="1" branch="false"/>
            <line number="9" hits="1" branch="false"/>
            <line number="10" hits="1" branch="false"/>
            <line number="12" hits="1" branch="true" condition-coverage="100% (1/1)"/>
            <line number="13" hits="17" branch="false"/>
            <line number="14" hits="17" branch="false"/>
            <line number="15" hits="17" branch="false"/>
            <line number="16" hits="17" branch="false"/>
            <line number="17" hits="17" branch="false"/>
            <line number="18" hits="17" branch="false"/>
            <line number="19" hits="17" branch="false"/>
            <line number="20" hits="17" branch="false"/>
            <line number="21" hits="17" branch="false"/>
            <line number="22" hits="17" branch="false"/>
            <line number="24" hits="17" branch="false"/>
            <line number="25" hits="17" branch="false"/>
            <line number="26" hits="17" branch="true" condition-coverage="100% (1/1)"/>
            <line number="27" hits="85" branch="false"/>
            <line number="28" hits="85" branch="false"/>
            <line number="29" hits="85" branch="false"/>
            <line number="30" hits="17" branch="false"/>
            <line number="31" hits="17" branch="false"/>
            <line number="32" hits="17" branch="false"/>
            <line number="33" hits="17" branch="false"/>
            <line number="34" hits="17" branch="false"/>
            <line number="35" hits="17" branch="false"/>
            <line number="36" hits="17" branch="false"/>
            <line number="37" hits="17" branch="false"/>
            <line number="39" hits="17" branch="false"/>
          </lines>
        </class>
        <class name="TargetLangText.tsx" filename="src/components/TargetLangText.tsx" line-rate="0.9344" branch-rate="0.8332999999999999">
          <methods>
            <method name="segmentText" hits="22" signature="()V">
              <lines>
                <line number="7" hits="22"/>
              </lines>
            </method>
            <method name="cacheKey" hits="5" signature="()V">
              <lines>
                <line number="43" hits="5"/>
              </lines>
            </method>
            <method name="TargetLangText" hits="47" signature="()V">
              <lines>
                <line number="47" hits="47"/>
              </lines>
            </method>
            <method name="onPointerEnter" hits="5" signature="()V">
              <lines>
                <line number="177" hits="5"/>
              </lines>
            </method>
            <method name="onPointerDown" hits="1" signature="()V">
              <lines>
                <line number="179" hits="1"/>
              </lines>
            </method>
          </methods>
          <lines>
            <line number="1" hits="1" branch="false"/>
            <line number="7" hits="22" branch="true" condition-coverage="100% (1/1)"/>
            <line number="8" hits="22" branch="false"/>
            <line number="9" hits="22" branch="false"/>
            <line number="10" hits="22" branch="true" condition-coverage="100% (1/1)"/>
            <line number="11" hits="37" branch="false"/>
            <line number="12" hits="37" branch="false"/>
            <line number="13" hits="22" branch="false"/>
            <line number="14" hits="22" branch="true" condition-coverage="100% (1/1)"/>
            <line number="15" hits="1" branch="true" condition-coverage="100% (1/1)"/>
            <line number="16" hits="3" branch="false"/>
            <line number="17" hits="3" branch="true" condition-coverage="100% (1/1)"/>
            <line number="18" hits="1" branch="false"/>
            <line number="19" hits="1" branch="false"/>
            <line number="20" hits="22" branch="false"/>
            <line number="41" hits="1" branch="false"/>
            <line number="43" hits="5" branch="true" condition-coverage="100% (1/1)"/>
            <line number="44" hits="5" branch="false"/>
            <line number="45" hits="5" branch="false"/>
            <line number="47" hits="1" branch="true" condition-coverage="100% (1/1)"/>
            <line number="48" hits="47" branch="false"/>
            <line number="49" hits="47" branch="true" condition-coverage="100% (2/2)"/>
            <line number="50" hits="47" branch="true" condition-coverage="100% (1/1)"/>
            <line number="51" hits="47" branch="false"/>
            <line number="52" hits="47" branch="false"/>
            <line number="53" hits="47" branch="false"/>
            <line number="54" hits="47" branch="true" condition-coverage="100% (1/1)"/>
            <line number="56" hits="47" branch="true" condition-coverage="100% (1/1)"/>
            <line number="57" hits="28" branch="true" condition-coverage="100% (1/1)"/>
            <line number="58" hits="6" branch="false"/>
            <line number="59" hits="6" branch="false"/>
            <line number="60" hits="6" branch="false"/>
            <line number="61" hits="47" branch="false"/>
            <line number="63" hits="47" branch="true" condition-coverage="100% (1/1)"/>
            <line number="64" hits="1" branch="false"/>
            <line number="65" hits="1" branch="true" condition-coverage="100% (1/1)"/>
            <line number="66" hits="47" branch="false"/>
            <line number="68" hits="47" branch="false"/>
            <line number="69" hits="47" branch="true" condition-coverage="100% (1/1)"/>
            <line number="70" hits="5" branch="true" condition-coverage="0% (0/1)"/>
            <line number="71" hits="5" branch="false"/>
            <line number="72" hits="5" branch="false"/>
            <line number="73" hits="5" branch="true" condition-coverage="100% (1/1)"/>
            <line number="74" hits="1" branch="false"/>
            <line number="75" hits="1" branch="false"/>
            <line number="76" hits="1" branch="false"/>
            <line number="77" hits="1" branch="false"/>
            <line number="78" hits="1" branch="false"/>
            <line number="79" hits="1" branch="false"/>
            <line number="80" hits="1" branch="false"/>
            <line number="81" hits="1" branch="false"/>
            <line number="82" hits="1" branch="false"/>
            <line number="83" hits="1" branch="false"/>
            <line number="84" hits="1" branch="false"/>
            <line number="85" hits="1" branch="true" condition-coverage="100% (1/1)"/>
            <line number="86" hits="4" branch="false"/>
            <line number="87" hits="4" branch="false"/>
            <line number="88" hits="4" branch="false"/>
            <line number="89" hits="4" branch="false"/>
            <line number="90" hits="4" branch="false"/>
            <line number="91" hits="4" branch="false"/>
            <line number="92" hits="4" branch="false"/>
            <line number="93" hits="4" branch="false"/>
            <line number="94" hits="4" branch="true" condition-coverage="100% (1/1)"/>
            <line number="95" hits="3" branch="false"/>
            <line number="96" hits="3" branch="false"/>
            <line number="97" hits="3" branch="false"/>
            <line number="98" hits="3" branch="false"/>
            <line number="99" hits="3" branch="false"/>
            <line number="100" hits="3" branch="false"/>
            <line number="101" hits="3" branch="true" condition-coverage="100% (1/1)"/>
            <line number="102" hits="3" branch="false"/>
            <line number="103" hits="3" branch="false"/>
            <line number="104" hits="3" branch="false"/>
            <line number="105" hits="3" branch="false"/>
            <line number="106" hits="3" branch="false"/>
            <line number="107" hits="3" branch="false"/>
            <line number="108" hits="3" branch="false"/>
            <line number="109" hits="3" branch="false"/>
            <line number="110" hits="3" branch="true" condition-coverage="0% (0/1)"/>
            <line number="111" hits="0" branch="false"/>
            <line number="112" hits="3" branch="false"/>
            <line number="113" hits="4" branch="false"/>
            <line number="114" hits="4" branch="true" condition-coverage="100% (1/1)"/>
            <line number="115" hits="1" branch="true" condition-coverage="100% (1/1)"/>
            <line number="116" hits="1" branch="false"/>
            <line number="117" hits="1" branch="true" condition-coverage="0% (0/1)"/>
            <line number="118" hits="0" branch="false"/>
            <line number="119" hits="1" branch="false"/>
            <line number="120" hits="4" branch="false"/>
            <line number="121" hits="5" branch="false"/>
            <line number="122" hits="47" branch="false"/>
            <line number="123" hits="47" branch="false"/>
            <line number="125" hits="47" branch="false"/>
            <line number="126" hits="47" branch="true" condition-coverage="100% (1/1)"/>
            <line number="127" hits="5" branch="true" condition-coverage="0% (0/1)"/>
            <line number="128" hits="5" branch="false"/>
            <line number="129" hits="5" branch="true" condition-coverage="100% (1/1)"/>
            <line number="130" hits="5" branch="false"/>
            <line number="131" hits="5" branch="false"/>
            <line number="132" hits="5" branch="false"/>
            <line number="133" hits="47" branch="false"/>
            <line number="134" hits="47" branch="false"/>
            <line number="136" hits="47" branch="true" condition-coverage="100% (1/1)"/>
            <line number="137" hits="1" branch="false"/>
            <line number="138" hits="1" branch="false"/>
            <line number="139" hits="47" branch="false"/>
            <line number="141" hits="47" branch="false"/>
            <line number="142" hits="47" branch="true" condition-coverage="100% (1/1)"/>
            <line number="143" hits="1" branch="true" condition-coverage="0% (0/1)"/>
            <line number="144" hits="0" branch="false"/>
            <line number="145" hits="0" branch="false"/>
            <line number="146" hits="0" branch="false"/>
            <line number="147" hits="0" branch="false"/>
            <line number="148" hits="0" branch="false"/>
            <line number="149" hits="0" branch="false"/>
            <line number="150" hits="1" branch="false"/>
            <line number="151" hits="47" branch="false"/>
            <line number="152" hits="47" branch="false"/>
            <line number="154" hits="47" branch="true" condition-coverage="100% (1/1)"/>
            <line number="155" hits="1" branch="true" condition-coverage="0% (0/1)"/>
            <line number="156" hits="0" branch="false"/>
            <line number="157" hits="0" branch="false"/>
            <line number="158" hits="0" branch="false"/>
            <line number="159" hits="47" branch="false"/>
            <line number="161" hits="47" branch="true" condition-coverage="100% (2/2)"/>
            <line number="163" hits="47" branch="false"/>
            <line number="164" hits="47" branch="false"/>
            <line number="165" hits="47" branch="true" condition-coverage="100% (1/1)"/>
            <line number="166" hits="78" branch="true" condition-coverage="100% (1/1)"/>
            <line number="167" hits="19" branch="false"/>
            <line number="168" hits="19" branch="true" condition-coverage="100% (1/1)"/>
            <line number="169" hits="59" branch="false"/>
            <line number="170" hits="59" branch="false"/>
            <line number="171" hits="59" branch="false"/>
            <line number="172" hits="59" branch="false"/>
            <line number="173" hits="59" branch="false"/>
            <line number="174" hits="59" branch="false"/>
            <line number="175" hits="59" branch="false"/>
            <line number="176" hits="59" branch="false"/>
            <line number="177" hits="59" branch="true" condition-coverage="100% (1/1)"/>
            <line number="178" hits="59" branch="false"/>
            <line number="179" hits="59" branch="true" condition-coverage="100% (1/1)"/>
            <line number="180" hits="59" branch="false"/>
            <line number="181" hits="59" branch="false"/>
            <line number="183" hits="59" branch="false"/>
            <line number="184" hits="59" branch="false"/>
            <line number="186" hits="47" branch="false"/>
            <line number="187" hits="47" branch="true" condition-coverage="100% (1/1)"/>
            <line number="188" hits="5" branch="false"/>
            <line number="189" hits="5" branch="false"/>
            <line number="190" hits="5" branch="false"/>
            <line number="191" hits="5" branch="true" condition-coverage="0% (0/1)"/>
            <line number="192" hits="5" branch="false"/>
            <line number="193" hits="5" branch="false"/>
            <line number="194" hits="5" branch="false"/>
            <line number="195" hits="5" branch="false"/>
            <line number="196" hits="5" branch="false"/>
            <line number="197" hits="5" branch="false"/>
            <line number="198" hits="5" branch="false"/>
            <line number="199" hits="5" branch="false"/>
            <line number="200" hits="5" branch="false"/>
            <line number="201" hits="5" branch="false"/>
            <line number="202" hits="5" branch="false"/>
            <line number="203" hits="5" branch="false"/>
            <line number="204" hits="5" branch="false"/>
            <line number="206" hits="5" branch="false"/>
            <line number="207" hits="5" branch="true" condition-coverage="0% (0/1)"/>
            <line number="208" hits="0" branch="false"/>
            <line number="210" hits="5" branch="false"/>
            <line number="211" hits="5" branch="true" condition-coverage="100% (1/1)"/>
            <line number="212" hits="4" branch="true" condition-coverage="100% (1/1)"/>
            <line number="214" hits="1" branch="false"/>
            <line number="216" hits="5" branch="true" condition-coverage="100% (1/1)"/>
            <line number="217" hits="3" branch="false"/>
            <line number="219" hits="5" branch="true" condition-coverage="100% (1/1)"/>
            <line number="220" hits="3" branch="false"/>
            <line number="222" hits="5" branch="true" condition-coverage="100% (1/1)"/>
            <line number="223" hits="3" branch="false"/>
            <line number="225" hits="5" branch="false"/>
            <line number="227" hits="5" branch="false"/>
            <line number="229" hits="47" branch="false"/>
            <line number="231" hits="47" branch="false"/>
          </lines>
        </class>
      </classes>
    </package>
    <package name="src.context" line-rate="1" branch-rate="1">
      <classes>
        <class name="SettingsContext.tsx" filename="src/context/SettingsContext.tsx" line-rate="1" branch-rate="1">
          <methods>
            <method name="SettingsProvider" hits="35" signature="()V">
              <lines>
                <line number="18" hits="35"/>
              </lines>
            </method>
            <method name="usePublicSettings" hits="93" signature="()V">
              <lines>
                <line number="26" hits="93"/>
              </lines>
            </method>
          </methods>
          <lines>
            <line number="1" hits="1" branch="false"/>
            <line number="16" hits="1" branch="false"/>
            <line number="18" hits="1" branch="true" condition-coverage="100% (1/1)"/>
            <line number="19" hits="35" branch="false"/>
            <line number="20" hits="35" branch="true" condition-coverage="100% (1/1)"/>
            <line number="21" hits="17" branch="false"/>
            <line number="22" hits="35" branch="false"/>
            <line number="23" hits="35" branch="false"/>
            <line number="24" hits="35" branch="false"/>
            <line number="26" hits="1" branch="true" condition-coverage="100% (1/1)"/>
            <line number="27" hits="93" branch="false"/>
            <line number="28" hits="93" branch="false"/>
          </lines>
        </class>
      </classes>
    </package>
    <package name="src.pages" line-rate="0.9620000000000001" branch-rate="0.7785">
      <classes>
        <class name="ChatPage.tsx" filename="src/pages/ChatPage.tsx" line-rate="0.9704999999999999" branch-rate="0.8076000000000001">
          <methods>
            <method name="ChatPage" hits="25" signature="()V">
              <lines>
                <line number="8" hits="25"/>
              </lines>
            </method>
            <method name="onChange" hits="1" signature="()V">
              <lines>
                <line number="67" hits="1"/>
              </lines>
            </method>
            <method name="onClick" hits="1" signature="()V">
              <lines>
                <line number="73" hits="1"/>
              </lines>
            </method>
            <method name="onChange" hits="8" signature="()V">
              <lines>
                <line number="101" hits="8"/>
              </lines>
            </method>
            <method name="onKeyDown" hits="8" signature="()V">
              <lines>
                <line number="103" hits="8"/>
              </lines>
            </method>
            <method name="onClick" hits="4" signature="()V">
              <lines>
                <line number="110" hits="4"/>
              </lines>
            </method>
          </methods>
          <lines>
            <line number="1" hits="1" branch="false"/>
            <line number="8" hits="1" branch="true" condition-coverage="100% (1/1)"/>
            <line number="9" hits="25" branch="false"/>
            <line number="10" hits="25" branch="false"/>
            <line number="11" hits="25" branch="false"/>
            <line number="12" hits="25" branch="false"/>
            <line number="13" hits="25" branch="false"/>
            <line number="14" hits="25" branch="false"/>
            <line number="16" hits="25" branch="true" condition-coverage="100% (1/1)"/>
            <line number="17" hits="4" branch="false"/>
            <line number="18" hits="4" branch="true" condition-coverage="0% (0/1)"/>
            <line number="19" hits="4" branch="false"/>
            <line number="20" hits="4" branch="false"/>
            <line number="21" hits="4" branch="false"/>
            <line number="22" hits="4" branch="false"/>
            <line number="23" hits="4" branch="false"/>
            <line number="24" hits="4" branch="false"/>
            <line number="25" hits="4" branch="false"/>
            <line number="26" hits="4" branch="false"/>
            <line number="27" hits="4" branch="false"/>
            <line number="28" hits="4" branch="true" condition-coverage="100% (1/1)"/>
            <line number="29" hits="4" branch="true" condition-coverage="100% (1/1)"/>
            <line number="30" hits="4" branch="true" condition-coverage="100% (1/1)"/>
            <line number="31" hits="3" branch="false"/>
            <line number="32" hits="3" branch="false"/>
            <line number="33" hits="3" branch="false"/>
            <line number="34" hits="4" branch="true" condition-coverage="100% (1/1)"/>
            <line number="35" hits="4" branch="true" condition-coverage="100% (1/1)"/>
            <line number="36" hits="1" branch="false"/>
            <line number="37" hits="1" branch="false"/>
            <line number="38" hits="4" branch="false"/>
            <line number="39" hits="4" branch="false"/>
            <line number="40" hits="4" branch="false"/>
            <line number="41" hits="25" branch="false"/>
            <line number="43" hits="25" branch="true" condition-coverage="100% (1/1)"/>
            <line number="44" hits="1" branch="true" condition-coverage="100% (1/1)"/>
            <line number="45" hits="1" branch="true" condition-coverage="0% (0/1)"/>
            <line number="46" hits="1" branch="true" condition-coverage="0% (0/1)"/>
            <line number="47" hits="1" branch="false"/>
            <line number="48" hits="1" branch="false"/>
            <line number="49" hits="1" branch="false"/>
            <line number="50" hits="1" branch="false"/>
            <line number="51" hits="1" branch="false"/>
            <line number="52" hits="1" branch="false"/>
            <line number="53" hits="25" branch="false"/>
            <line number="55" hits="25" branch="false"/>
            <line number="56" hits="25" branch="false"/>
            <line number="57" hits="25" branch="false"/>
            <line number="58" hits="25" branch="true" condition-coverage="100% (1/1)"/>
            <line number="59" hits="23" branch="false"/>
            <line number="60" hits="23" branch="false"/>
            <line number="61" hits="23" branch="false"/>
            <line number="62" hits="23" branch="false"/>
            <line number="64" hits="25" branch="false"/>
            <line number="65" hits="25" branch="false"/>
            <line number="66" hits="25" branch="false"/>
            <line number="67" hits="25" branch="true" condition-coverage="100% (1/1)"/>
            <line number="68" hits="25" branch="false"/>
            <line number="69" hits="25" branch="false"/>
            <line number="70" hits="25" branch="false"/>
            <line number="71" hits="25" branch="false"/>
            <line number="72" hits="25" branch="false"/>
            <line number="73" hits="25" branch="true" condition-coverage="100% (1/1)"/>
            <line number="75" hits="25" branch="false"/>
            <line number="76" hits="25" branch="false"/>
            <line number="77" hits="25" branch="true" condition-coverage="100% (1/1)"/>
            <line number="78" hits="25" branch="false"/>
            <line number="79" hits="25" branch="false"/>
            <line number="80" hits="25" branch="false"/>
            <line number="81" hits="25" branch="false"/>
            <line number="82" hits="25" branch="false"/>
            <line number="83" hits="25" branch="false"/>
            <line number="84" hits="25" branch="false"/>
            <line number="85" hits="25" branch="false"/>
            <line number="86" hits="25" branch="false"/>
            <line number="87" hits="25" branch="false"/>
            <line number="88" hits="25" branch="false"/>
            <line number="90" hits="25" branch="true" condition-coverage="100% (1/1)"/>
            <line number="91" hits="17" branch="false"/>
            <line number="92" hits="17" branch="true" condition-coverage="100% (2/2)"/>
            <line number="93" hits="17" branch="false"/>
            <line number="94" hits="17" branch="false"/>
            <line number="95" hits="25" branch="false"/>
            <line number="96" hits="25" branch="false"/>
            <line number="97" hits="25" branch="false"/>
            <line number="98" hits="25" branch="false"/>
            <line number="99" hits="25" branch="false"/>
            <line number="100" hits="25" branch="false"/>
            <line number="101" hits="25" branch="true" condition-coverage="100% (1/1)"/>
            <line number="102" hits="25" branch="false"/>
            <line number="103" hits="25" branch="true" condition-coverage="100% (1/1)"/>
            <line number="104" hits="8" branch="true" condition-coverage="0% (0/2)"/>
            <line number="105" hits="0" branch="false"/>
            <line number="106" hits="0" branch="false"/>
            <line number="107" hits="0" branch="false"/>
            <line number="108" hits="8" branch="false"/>
            <line number="109" hits="25" branch="false"/>
            <line number="110" hits="25" branch="true" condition-coverage="100% (1/1)"/>
            <line number="111" hits="25" branch="true" condition-coverage="100% (2/2)"/>
            <line number="112" hits="25" branch="false"/>
            <line number="113" hits="25" branch="false"/>
            <line number="115" hits="25" branch="false"/>
          </lines>
        </class>
        <class name="ExercisePage.tsx" filename="src/pages/ExercisePage.tsx" line-rate="0.9456" branch-rate="0.8076000000000001">
          <methods>
            <method name="L2Block" hits="10" signature="()V">
              <lines>
                <line number="7" hits="10"/>
              </lines>
            </method>
            <method name="ExerciseContentView" hits="10" signature="()V">
              <lines>
                <line number="18" hits="10"/>
              </lines>
            </method>
            <method name="str" hits="26" signature="()V">
              <lines>
                <line number="25" hits="26"/>
              </lines>
            </method>
            <method name="ExercisePage" hits="20" signature="()V">
              <lines>
                <line number="76" hits="20"/>
              </lines>
            </method>
            <method name="generate" hits="4" signature="()V">
              <lines>
                <line number="85" hits="4"/>
              </lines>
            </method>
            <method name="gradeIt" hits="2" signature="()V">
              <lines>
                <line number="111" hits="2"/>
              </lines>
            </method>
            <method name="onChange" hits="1" signature="()V">
              <lines>
                <line number="140" hits="1"/>
              </lines>
            </method>
            <method name="onChange" hits="0" signature="()V">
              <lines>
                <line number="152" hits="0"/>
              </lines>
            </method>
            <method name="onClick" hits="4" signature="()V">
              <lines>
                <line number="154" hits="4"/>
              </lines>
            </method>
            <method name="onChange" hits="3" signature="()V">
              <lines>
                <line number="177" hits="3"/>
              </lines>
            </method>
            <method name="onClick" hits="2" signature="()V">
              <lines>
                <line number="178" hits="2"/>
              </lines>
            </method>
          </methods>
          <lines>
            <line number="1" hits="1" branch="false"/>
            <line number="5" hits="1" branch="false"/>
            <line number="7" hits="10" branch="true" condition-coverage="100% (1/1)"/>
            <line number="8" hits="10" branch="false"/>
            <line number="9" hits="10" branch="false"/>
            <line number="10" hits="10" branch="false"/>
            <line number="11" hits="10" branch="false"/>
            <line number="12" hits="10" branch="false"/>
            <line number="13" hits="10" branch="false"/>
            <line number="14" hits="10" branch="false"/>
            <line number="16" hits="10" branch="false"/>
            <line number="18" hits="10" branch="true" condition-coverage="100% (1/1)"/>
            <line number="19" hits="10" branch="false"/>
            <line number="20" hits="10" branch="false"/>
            <line number="21" hits="10" branch="false"/>
            <line number="24" hits="10" branch="false"/>
            <line number="25" hits="10" branch="true" condition-coverage="50% (1/2)"/>
            <line number="26" hits="10" branch="false"/>
            <line number="27" hits="10" branch="false"/>
            <line number="28" hits="10" branch="false"/>
            <line number="29" hits="10" branch="false"/>
            <line number="30" hits="10" branch="false"/>
            <line number="31" hits="10" branch="false"/>
            <line number="32" hits="10" branch="false"/>
            <line number="33" hits="10" branch="false"/>
            <line number="34" hits="10" branch="false"/>
            <line number="35" hits="10" branch="false"/>
            <line number="37" hits="10" branch="true" condition-coverage="100% (1/1)"/>
            <line number="38" hits="6" branch="false"/>
            <line number="39" hits="6" branch="false"/>
            <line number="40" hits="6" branch="false"/>
            <line number="41" hits="6" branch="false"/>
            <line number="42" hits="6" branch="false"/>
            <line number="43" hits="6" branch="false"/>
            <line number="44" hits="6" branch="false"/>
            <line number="45" hits="6" branch="true" condition-coverage="100% (1/1)"/>
            <line number="46" hits="6" branch="false"/>
            <line number="47" hits="6" branch="false"/>
            <line number="48" hits="6" branch="false"/>
            <line number="49" hits="6" branch="false"/>
            <line number="50" hits="6" branch="false"/>
            <line number="52" hits="10" branch="true" condition-coverage="100% (1/1)"/>
            <line number="53" hits="4" branch="false"/>
            <line number="54" hits="4" branch="false"/>
            <line number="55" hits="4" branch="false"/>
            <line number="56" hits="4" branch="false"/>
            <line number="57" hits="4" branch="false"/>
            <line number="59" hits="10" branch="true" condition-coverage="0% (0/1)"/>
            <line number="60" hits="0" branch="false"/>
            <line number="61" hits="0" branch="false"/>
            <line number="62" hits="0" branch="false"/>
            <line number="63" hits="0" branch="false"/>
            <line number="65" hits="10" branch="true" condition-coverage="0% (0/1)"/>
            <line number="66" hits="0" branch="false"/>
            <line number="67" hits="0" branch="false"/>
            <line number="68" hits="0" branch="false"/>
            <line number="69" hits="0" branch="false"/>
            <line number="70" hits="0" branch="false"/>
            <line number="72" hits="10" branch="false"/>
            <line number="74" hits="10" branch="false"/>
            <line number="76" hits="1" branch="true" condition-coverage="100% (1/1)"/>
            <line number="77" hits="20" branch="false"/>
            <line number="78" hits="20" branch="false"/>
            <line number="79" hits="20" branch="false"/>
            <line number="80" hits="20" branch="false"/>
            <line number="81" hits="20" branch="false"/>
            <line number="82" hits="20" branch="false"/>
            <line number="83" hits="20" branch="false"/>
            <line number="85" hits="20" branch="true" condition-coverage="100% (1/1)"/>
            <line number="86" hits="4" branch="false"/>
            <line number="87" hits="4" branch="false"/>
            <line number="88" hits="4" branch="false"/>
            <line number="89" hits="4" branch="false"/>
            <line number="90" hits="4" branch="false"/>
            <line number="91" hits="4" branch="false"/>
            <line number="92" hits="4" branch="false"/>
            <line number="93" hits="4" branch="false"/>
            <line number="94" hits="4" branch="false"/>
            <line number="95" hits="4" branch="false"/>
            <line number="96" hits="4" branch="false"/>
            <line number="97" hits="4" branch="false"/>
            <line number="98" hits="4" branch="false"/>
            <line number="99" hits="4" branch="false"/>
            <line number="100" hits="4" branch="false"/>
            <line number="101" hits="4" branch="true" condition-coverage="100% (1/1)"/>
            <line number="102" hits="3" branch="false"/>
            <line number="103" hits="3" branch="false"/>
            <line number="104" hits="4" branch="true" condition-coverage="100% (1/1)"/>
            <line number="105" hits="1" branch="false"/>
            <line number="106" hits="4" branch="false"/>
            <line number="107" hits="4" branch="false"/>
            <line number="108" hits="4" branch="false"/>
            <line number="109" hits="4" branch="false"/>
            <line number="111" hits="20" branch="true" condition-coverage="100% (1/1)"/>
            <line number="112" hits="2" branch="true" condition-coverage="0% (0/1)"/>
            <line number="113" hits="2" branch="false"/>
            <line number="114" hits="2" branch="false"/>
            <line number="115" hits="2" branch="false"/>
            <line number="116" hits="2" branch="false"/>
            <line number="117" hits="2" branch="false"/>
            <line number="118" hits="2" branch="false"/>
            <line number="119" hits="2" branch="false"/>
            <line number="120" hits="2" branch="false"/>
            <line number="121" hits="2" branch="false"/>
            <line number="122" hits="2" branch="false"/>
            <line number="123" hits="2" branch="false"/>
            <line number="124" hits="2" branch="false"/>
            <line number="125" hits="2" branch="false"/>
            <line number="126" hits="2" branch="true" condition-coverage="0% (0/1)"/>
            <line number="127" hits="0" branch="false"/>
            <line number="128" hits="2" branch="false"/>
            <line number="129" hits="2" branch="false"/>
            <line number="130" hits="2" branch="false"/>
            <line number="131" hits="2" branch="false"/>
            <line number="133" hits="20" branch="false"/>
            <line number="134" hits="20" branch="false"/>
            <line number="135" hits="20" branch="false"/>
            <line number="136" hits="20" branch="true" condition-coverage="100% (1/1)"/>
            <line number="137" hits="20" branch="false"/>
            <line number="138" hits="20" branch="false"/>
            <line number="139" hits="20" branch="false"/>
            <line number="140" hits="20" branch="true" condition-coverage="100% (1/1)"/>
            <line number="141" hits="20" branch="true" condition-coverage="100% (1/1)"/>
            <line number="142" hits="80" branch="false"/>
            <line number="143" hits="80" branch="false"/>
            <line number="144" hits="80" branch="false"/>
            <line number="145" hits="20" branch="false"/>
            <line number="146" hits="20" branch="false"/>
            <line number="147" hits="20" branch="false"/>
            <line number="148" hits="20" branch="false"/>
            <line number="149" hits="20" branch="false"/>
            <line number="150" hits="20" branch="false"/>
            <line number="151" hits="20" branch="false"/>
            <line number="152" hits="20" branch="false"/>
            <line number="153" hits="20" branch="false"/>
            <line number="154" hits="20" branch="true" condition-coverage="100% (1/1)"/>
            <line number="156" hits="20" branch="false"/>
            <line number="157" hits="20" branch="false"/>
            <line number="158" hits="20" branch="true" condition-coverage="100% (1/1)"/>
            <line number="159" hits="10" branch="false"/>
            <line number="160" hits="10" branch="false"/>
            <line number="161" hits="10" branch="false"/>
            <line number="162" hits="10" branch="false"/>
            <line number="163" hits="10" branch="false"/>
            <line number="164" hits="10" branch="false"/>
            <line number="165" hits="10" branch="false"/>
            <line number="166" hits="10" branch="false"/>
            <line number="167" hits="10" branch="false"/>
            <line number="168" hits="10" branch="false"/>
            <line number="169" hits="10" branch="false"/>
            <line number="170" hits="10" branch="false"/>
            <line number="171" hits="10" branch="false"/>
            <line number="173" hits="10" branch="false"/>
            <line number="174" hits="10" branch="false"/>
            <line number="175" hits="10" branch="false"/>
            <line number="176" hits="10" branch="false"/>
            <line number="177" hits="10" branch="true" condition-coverage="100% (1/1)"/>
            <line number="178" hits="10" branch="true" condition-coverage="100% (1/1)"/>
            <line number="180" hits="10" branch="false"/>
            <line number="181" hits="10" branch="false"/>
            <line number="183" hits="20" branch="true" condition-coverage="100% (1/1)"/>
            <line number="184" hits="2" branch="false"/>
            <line number="185" hits="2" branch="false"/>
            <line number="186" hits="2" branch="true" condition-coverage="100% (2/2)"/>
            <line number="187" hits="1" branch="false"/>
            <line number="188" hits="1" branch="false"/>
            <line number="189" hits="1" branch="false"/>
            <line number="190" hits="1" branch="false"/>
            <line number="191" hits="1" branch="false"/>
            <line number="192" hits="1" branch="false"/>
            <line number="193" hits="1" branch="false"/>
            <line number="195" hits="2" branch="false"/>
            <line number="196" hits="2" branch="false"/>
            <line number="197" hits="2" branch="false"/>
            <line number="198" hits="2" branch="false"/>
            <line number="199" hits="2" branch="false"/>
            <line number="200" hits="2" branch="false"/>
            <line number="201" hits="2" branch="false"/>
            <line number="202" hits="2" branch="false"/>
            <line number="204" hits="2" branch="false"/>
            <line number="205" hits="2" branch="false"/>
            <line number="206" hits="2" branch="false"/>
            <line number="208" hits="20" branch="false"/>
            <line number="210" hits="20" branch="false"/>
          </lines>
        </class>
        <class name="PronouncePage.tsx" filename="src/pages/PronouncePage.tsx" line-rate="1" branch-rate="0.75">
          <methods>
            <method name="PronouncePage" hits="24" signature="()V">
              <lines>
                <line number="6" hits="24"/>
              </lines>
            </method>
            <method name="submitBlob" hits="3" signature="()V">
              <lines>
                <line number="13" hits="3"/>
              </lines>
            </method>
            <method name="onChange" hits="0" signature="()V">
              <lines>
                <line number="52" hits="0"/>
              </lines>
            </method>
            <method name="onChange" hits="1" signature="()V">
              <lines>
                <line number="60" hits="1"/>
              </lines>
            </method>
            <method name="onChange" hits="14" signature="()V">
              <lines>
                <line number="70" hits="14"/>
              </lines>
            </method>
            <method name="onRecording" hits="3" signature="()V">
              <lines>
                <line number="72" hits="3"/>
              </lines>
            </method>
          </methods>
          <lines>
            <line number="1" hits="1" branch="false"/>
            <line number="6" hits="1" branch="true" condition-coverage="100% (1/1)"/>
            <line number="7" hits="24" branch="false"/>
            <line number="8" hits="24" branch="false"/>
            <line number="9" hits="24" branch="false"/>
            <line number="10" hits="24" branch="false"/>
            <line number="11" hits="24" branch="false"/>
            <line number="13" hits="24" branch="true" condition-coverage="100% (1/1)"/>
            <line number="14" hits="3" branch="true" condition-coverage="100% (1/1)"/>
            <line number="15" hits="1" branch="false"/>
            <line number="16" hits="1" branch="false"/>
            <line number="17" hits="1" branch="true" condition-coverage="100% (1/1)"/>
            <line number="18" hits="2" branch="false"/>
            <line number="19" hits="2" branch="false"/>
            <line number="20" hits="2" branch="false"/>
            <line number="21" hits="2" branch="false"/>
            <line number="22" hits="2" branch="false"/>
            <line number="23" hits="3" branch="true" condition-coverage="0% (0/1)"/>
            <line number="24" hits="3" branch="true" condition-coverage="50% (1/2)"/>
            <line number="25" hits="3" branch="false"/>
            <line number="26" hits="3" branch="false"/>
            <line number="27" hits="3" branch="false"/>
            <line number="28" hits="3" branch="false"/>
            <line number="29" hits="3" branch="false"/>
            <line number="30" hits="3" branch="true" condition-coverage="100% (1/1)"/>
            <line number="31" hits="3" branch="true" condition-coverage="100% (1/1)"/>
            <line number="32" hits="1" branch="false"/>
            <line number="33" hits="1" branch="false"/>
            <line number="34" hits="1" branch="false"/>
            <line number="35" hits="3" branch="true" condition-coverage="100% (1/1)"/>
            <line number="36" hits="2" branch="false"/>
            <line number="37" hits="2" branch="false"/>
            <line number="38" hits="3" branch="false"/>
            <line number="40" hits="24" branch="false"/>
            <line number="41" hits="24" branch="false"/>
            <line number="42" hits="24" branch="false"/>
            <line number="43" hits="24" branch="false"/>
            <line number="46" hits="24" branch="false"/>
            <line number="47" hits="24" branch="false"/>
            <line number="48" hits="24" branch="false"/>
            <line number="49" hits="24" branch="false"/>
            <line number="50" hits="24" branch="false"/>
            <line number="51" hits="24" branch="false"/>
            <line number="52" hits="24" branch="false"/>
            <line number="53" hits="24" branch="false"/>
            <line number="55" hits="24" branch="false"/>
            <line number="56" hits="24" branch="false"/>
            <line number="57" hits="24" branch="false"/>
            <line number="58" hits="24" branch="false"/>
            <line number="59" hits="24" branch="false"/>
            <line number="60" hits="24" branch="true" condition-coverage="100% (1/1)"/>
            <line number="61" hits="24" branch="false"/>
            <line number="63" hits="24" branch="false"/>
            <line number="64" hits="24" branch="false"/>
            <line number="65" hits="24" branch="false"/>
            <line number="66" hits="24" branch="false"/>
            <line number="67" hits="24" branch="false"/>
            <line number="68" hits="24" branch="true" condition-coverage="100% (2/2)"/>
            <line number="69" hits="24" branch="false"/>
            <line number="70" hits="24" branch="true" condition-coverage="100% (1/1)"/>
            <line number="71" hits="24" branch="false"/>
            <line number="72" hits="24" branch="true" condition-coverage="100% (1/1)"/>
            <line number="73" hits="24" branch="true" condition-coverage="100% (1/1)"/>
            <line number="74" hits="24" branch="true" condition-coverage="100% (1/1)"/>
            <line number="75" hits="2" branch="false"/>
            <line number="76" hits="2" branch="false"/>
            <line number="77" hits="2" branch="true" condition-coverage="0% (0/1)"/>
            <line number="78" hits="2" branch="false"/>
            <line number="79" hits="2" branch="false"/>
            <line number="80" hits="2" branch="false"/>
            <line number="81" hits="2" branch="true" condition-coverage="0% (0/1)"/>
            <line number="82" hits="2" branch="true" condition-coverage="0% (0/1)"/>
            <line number="83" hits="2" branch="false"/>
            <line number="84" hits="2" branch="false"/>
            <line number="85" hits="2" branch="false"/>
            <line number="86" hits="2" branch="false"/>
            <line number="87" hits="2" branch="false"/>
            <line number="89" hits="24" branch="false"/>
            <line number="91" hits="24" branch="false"/>
          </lines>
        </class>
        <class name="SrsPage.tsx" filename="src/pages/SrsPage.tsx" line-rate="0.9501000000000001" branch-rate="0.7575">
          <methods>
            <method name="SrsPage" hits="38" signature="()V">
              <lines>
                <line number="28" hits="38"/>
              </lines>
            </method>
            <method name="review" hits="1" signature="()V">
              <lines>
                <line number="89" hits="1"/>
              </lines>
            </method>
            <method name="addCard" hits="1" signature="()V">
              <lines>
                <line number="103" hits="1"/>
              </lines>
            </method>
            <method name="runPack" hits="1" signature="()V">
              <lines>
                <line number="116" hits="1"/>
              </lines>
            </method>
            <method name="speak" hits="0" signature="()V">
              <lines>
                <line number="135" hits="0"/>
              </lines>
            </method>
            <method name="goMcq" hits="1" signature="()V">
              <lines>
                <line number="145" hits="1"/>
              </lines>
            </method>
            <method name="pickMcq" hits="1" signature="()V">
              <lines>
                <line number="160" hits="1"/>
              </lines>
            </method>
            <method name="submitType" hits="1" signature="()V">
              <lines>
                <line number="172" hits="1"/>
              </lines>
            </method>
            <method name="onClick" hits="0" signature="()V">
              <lines>
                <line number="231" hits="0"/>
              </lines>
            </method>
            <method name="onClick" hits="1" signature="()V">
              <lines>
                <line number="234" hits="1"/>
              </lines>
            </method>
            <method name="onClick" hits="1" signature="()V">
              <lines>
                <line number="250" hits="1"/>
              </lines>
            </method>
            <method name="onChange" hits="4" signature="()V">
              <lines>
                <line number="267" hits="4"/>
              </lines>
            </method>
            <method name="onClick" hits="1" signature="()V">
              <lines>
                <line number="270" hits="1"/>
              </lines>
            </method>
            <method name="onClick" hits="1" signature="()V">
              <lines>
                <line number="302" hits="1"/>
              </lines>
            </method>
            <method name="onClick" hits="1" signature="()V">
              <lines>
                <line number="311" hits="1"/>
              </lines>
            </method>
            <method name="onChange" hits="0" signature="()V">
              <lines>
                <line number="328" hits="0"/>
              </lines>
            </method>
            <method name="onChange" hits="0" signature="()V">
              <lines>
                <line number="337" hits="0"/>
              </lines>
            </method>
            <method name="onChange" hits="0" signature="()V">
              <lines>
                <line number="342" hits="0"/>
              </lines>
            </method>
            <method name="onClick" hits="1" signature="()V">
              <lines>
                <line number="345" hits="1"/>
              </lines>
            </method>
            <method name="onClick" hits="1" signature="()V">
              <lines>
                <line number="353" hits="1"/>
              </lines>
            </method>
            <method name="onChange" hits="3" signature="()V">
              <lines>
                <line number="361" hits="3"/>
              </lines>
            </method>
            <method name="onChange" hits="3" signature="()V">
              <lines>
                <line number="362" hits="3"/>
              </lines>
            </method>
            <method name="onClick" hits="1" signature="()V">
              <lines>
                <line number="363" hits="1"/>
              </lines>
            </method>
          </methods>
          <lines>
            <line number="1" hits="1" branch="false"/>
            <line number="28" hits="1" branch="true" condition-coverage="100% (1/1)"/>
            <line number="29" hits="38" branch="false"/>
            <line number="30" hits="38" branch="false"/>
            <line number="31" hits="38" branch="false"/>
            <line number="32" hits="38" branch="false"/>
            <line number="33" hits="38" branch="false"/>
            <line number="34" hits="38" branch="false"/>
            <line number="36" hits="38" branch="false"/>
            <line number="37" hits="38" branch="false"/>
            <line number="38" hits="38" branch="false"/>
            <line number="39" hits="38" branch="false"/>
            <line number="41" hits="38" branch="false"/>
            <line number="42" hits="38" branch="false"/>
            <line number="43" hits="38" branch="false"/>
            <line number="45" hits="38" branch="false"/>
            <line number="46" hits="38" branch="false"/>
            <line number="47" hits="38" branch="false"/>
            <line number="48" hits="38" branch="false"/>
            <line number="49" hits="38" branch="false"/>
            <line number="50" hits="38" branch="false"/>
            <line number="51" hits="38" branch="true" condition-coverage="100% (1/1)"/>
            <line number="52" hits="38" branch="false"/>
            <line number="54" hits="38" branch="true" condition-coverage="100% (1/1)"/>
            <line number="55" hits="8" branch="false"/>
            <line number="56" hits="8" branch="false"/>
            <line number="57" hits="8" branch="true" condition-coverage="100% (1/1)"/>
            <line number="58" hits="8" branch="true" condition-coverage="0% (0/2)"/>
            <line number="59" hits="8" branch="true" condition-coverage="100% (1/1)"/>
            <line number="60" hits="8" branch="false"/>
            <line number="61" hits="8" branch="false"/>
            <line number="62" hits="38" branch="false"/>
            <line number="64" hits="38" branch="true" condition-coverage="100% (1/1)"/>
            <line number="65" hits="8" branch="false"/>
            <line number="66" hits="8" branch="false"/>
            <line number="67" hits="38" branch="false"/>
            <line number="69" hits="38" branch="true" condition-coverage="100% (1/1)"/>
            <line number="70" hits="8" branch="false"/>
            <line number="71" hits="38" branch="false"/>
            <line number="73" hits="38" branch="true" condition-coverage="100% (1/1)"/>
            <line number="74" hits="5" branch="false"/>
            <line number="75" hits="38" branch="false"/>
            <line number="77" hits="38" branch="true" condition-coverage="100% (1/1)"/>
            <line number="78" hits="13" branch="true" condition-coverage="100% (2/2)"/>
            <line number="79" hits="13" branch="true" condition-coverage="100% (1/1)"/>
            <line number="80" hits="1" branch="false"/>
            <line number="81" hits="1" branch="true" condition-coverage="0% (0/1)"/>
            <line number="82" hits="1" branch="false"/>
            <line number="83" hits="1" branch="false"/>
            <line number="84" hits="1" branch="false"/>
            <line number="85" hits="1" branch="false"/>
            <line number="86" hits="1" branch="false"/>
            <line number="87" hits="38" branch="false"/>
            <line number="89" hits="38" branch="true" condition-coverage="100% (1/1)"/>
            <line number="90" hits="1" branch="true" condition-coverage="0% (0/1)"/>
            <line number="91" hits="1" branch="false"/>
            <line number="92" hits="1" branch="false"/>
            <line number="93" hits="1" branch="false"/>
            <line number="94" hits="1" branch="false"/>
            <line number="95" hits="1" branch="false"/>
            <line number="96" hits="1" branch="false"/>
            <line number="97" hits="1" branch="true" condition-coverage="100% (1/1)"/>
            <line number="98" hits="1" branch="false"/>
            <line number="99" hits="1" branch="false"/>
            <line number="100" hits="1" branch="false"/>
            <line number="101" hits="1" branch="false"/>
            <line number="103" hits="38" branch="true" condition-coverage="100% (1/1)"/>
            <line number="104" hits="1" branch="true" condition-coverage="0% (0/1)"/>
            <line number="105" hits="1" branch="false"/>
            <line number="106" hits="1" branch="false"/>
            <line number="107" hits="1" branch="false"/>
            <line number="108" hits="1" branch="false"/>
            <line number="109" hits="1" branch="false"/>
            <line number="110" hits="1" branch="false"/>
            <line number="111" hits="1" branch="false"/>
            <line number="112" hits="1" branch="false"/>
            <line number="113" hits="1" branch="false"/>
            <line number="114" hits="1" branch="false"/>
            <line number="116" hits="38" branch="true" condition-coverage="100% (1/1)"/>
            <line number="117" hits="1" branch="false"/>
            <line number="118" hits="1" branch="false"/>
            <line number="119" hits="1" branch="false"/>
            <line number="120" hits="1" branch="false"/>
            <line number="121" hits="1" branch="false"/>
            <line number="122" hits="1" branch="false"/>
            <line number="123" hits="1" branch="false"/>
            <line number="124" hits="1" branch="false"/>
            <line number="125" hits="1" branch="false"/>
            <line number="126" hits="1" branch="false"/>
            <line number="127" hits="1" branch="false"/>
            <line number="128" hits="1" branch="true" condition-coverage="0% (0/1)"/>
            <line number="129" hits="0" branch="false"/>
            <line number="130" hits="1" branch="false"/>
            <line number="131" hits="1" branch="false"/>
            <line number="132" hits="1" branch="false"/>
            <line number="133" hits="1" branch="false"/>
            <line number="135" hits="38" branch="false"/>
            <line number="136" hits="0" branch="false"/>
            <line number="137" hits="0" branch="false"/>
            <line number="138" hits="0" branch="false"/>
            <line number="139" hits="0" branch="false"/>
            <line number="140" hits="0" branch="false"/>
            <line number="141" hits="0" branch="false"/>
            <line number="142" hits="0" branch="false"/>
            <line number="143" hits="0" branch="false"/>
            <line number="145" hits="38" branch="true" condition-coverage="100% (1/1)"/>
            <line number="146" hits="1" branch="true" condition-coverage="0% (0/1)"/>
            <line number="147" hits="1" branch="false"/>
            <line number="148" hits="1" branch="false"/>
            <line number="149" hits="1" branch="false"/>
            <line number="150" hits="1" branch="false"/>
            <line number="151" hits="1" branch="false"/>
            <line number="152" hits="1" branch="false"/>
            <line number="153" hits="1" branch="true" condition-coverage="0% (0/1)"/>
            <line number="154" hits="0" branch="false"/>
            <line number="155" hits="1" branch="false"/>
            <line number="156" hits="1" branch="false"/>
            <line number="157" hits="1" branch="false"/>
            <line number="158" hits="1" branch="false"/>
            <line number="160" hits="38" branch="true" condition-coverage="100% (1/1)"/>
            <line number="161" hits="1" branch="true" condition-coverage="0% (0/1)"/>
            <line number="162" hits="1" branch="false"/>
            <line number="163" hits="1" branch="false"/>
            <line number="164" hits="1" branch="false"/>
            <line number="165" hits="1" branch="false"/>
            <line number="166" hits="1" branch="false"/>
            <line number="167" hits="1" branch="true" condition-coverage="0% (0/1)"/>
            <line number="168" hits="0" branch="false"/>
            <line number="169" hits="0" branch="false"/>
            <line number="170" hits="1" branch="false"/>
            <line number="172" hits="38" branch="true" condition-coverage="100% (1/1)"/>
            <line number="173" hits="1" branch="true" condition-coverage="0% (0/1)"/>
            <line number="174" hits="1" branch="false"/>
            <line number="175" hits="1" branch="false"/>
            <line number="176" hits="1" branch="false"/>
            <line number="177" hits="1" branch="false"/>
            <line number="178" hits="1" branch="false"/>
            <line number="179" hits="1" branch="false"/>
            <line number="180" hits="1" branch="false"/>
            <line number="181" hits="1" branch="true" condition-coverage="0% (0/1)"/>
            <line number="182" hits="0" branch="false"/>
            <line number="183" hits="0" branch="false"/>
            <line number="184" hits="1" branch="true" condition-coverage="0% (0/1)"/>
            <line number="185" hits="0" branch="false"/>
            <line number="186" hits="1" branch="false"/>
            <line number="187" hits="1" branch="false"/>
            <line number="188" hits="1" branch="false"/>
            <line number="189" hits="1" branch="false"/>
            <line number="191" hits="38" branch="false"/>
            <line number="192" hits="38" branch="false"/>
            <line number="193" hits="38" branch="false"/>
            <line number="194" hits="38" branch="true" condition-coverage="100% (1/1)"/>
            <line number="195" hits="33" branch="false"/>
            <line number="196" hits="33" branch="false"/>
            <line number="197" hits="33" branch="false"/>
            <line number="199" hits="38" branch="true" condition-coverage="0% (0/1)"/>
            <line number="201" hits="38" branch="false"/>
            <line number="202" hits="38" branch="false"/>
            <line number="203" hits="38" branch="false"/>
            <line number="205" hits="38" branch="false"/>
            <line number="206" hits="38" branch="true" condition-coverage="100% (1/1)"/>
            <line number="207" hits="12" branch="false"/>
            <line number="208" hits="12" branch="false"/>
            <line number="209" hits="12" branch="false"/>
            <line number="210" hits="12" branch="false"/>
            <line number="211" hits="12" branch="false"/>
            <line number="212" hits="12" branch="false"/>
            <line number="213" hits="12" branch="false"/>
            <line number="214" hits="12" branch="false"/>
            <line number="216" hits="12" branch="true" condition-coverage="100% (1/1)"/>
            <line number="217" hits="3" branch="false"/>
            <line number="218" hits="3" branch="false"/>
            <line number="219" hits="3" branch="false"/>
            <line number="220" hits="3" branch="false"/>
            <line number="221" hits="3" branch="false"/>
            <line number="222" hits="3" branch="false"/>
            <line number="223" hits="3" branch="false"/>
            <line number="224" hits="3" branch="false"/>
            <line number="225" hits="3" branch="false"/>
            <line number="227" hits="3" branch="false"/>
            <line number="228" hits="3" branch="false"/>
            <line number="229" hits="3" branch="false"/>
            <line number="230" hits="3" branch="false"/>
            <line number="231" hits="3" branch="false"/>
            <line number="233" hits="3" branch="false"/>
            <line number="234" hits="3" branch="true" condition-coverage="100% (1/1)"/>
            <line number="236" hits="3" branch="false"/>
            <line number="237" hits="3" branch="false"/>
            <line number="238" hits="3" branch="false"/>
            <line number="240" hits="12" branch="true" condition-coverage="100% (2/2)"/>
            <line number="241" hits="1" branch="false"/>
            <line number="242" hits="1" branch="false"/>
            <line number="243" hits="1" branch="false"/>
            <line number="244" hits="1" branch="false"/>
            <line number="245" hits="1" branch="false"/>
            <line number="246" hits="1" branch="false"/>
            <line number="247" hits="1" branch="false"/>
            <line number="248" hits="1" branch="false"/>
            <line number="249" hits="1" branch="true" condition-coverage="100% (1/1)"/>
            <line number="250" hits="4" branch="true" condition-coverage="100% (1/1)"/>
            <line number="251" hits="4" branch="false"/>
            <line number="252" hits="4" branch="false"/>
            <line number="253" hits="1" branch="false"/>
            <line number="254" hits="1" branch="false"/>
            <line number="255" hits="1" branch="true" condition-coverage="0% (0/1)"/>
            <line number="256" hits="1" branch="false"/>
            <line number="258" hits="12" branch="true" condition-coverage="100% (2/2)"/>
            <line number="259" hits="8" branch="false"/>
            <line number="260" hits="8" branch="false"/>
            <line number="261" hits="8" branch="false"/>
            <line number="262" hits="8" branch="false"/>
            <line number="263" hits="8" branch="false"/>
            <line number="264" hits="8" branch="false"/>
            <line number="265" hits="8" branch="false"/>
            <line number="266" hits="8" branch="false"/>
            <line number="267" hits="8" branch="true" condition-coverage="100% (1/1)"/>
            <line number="268" hits="8" branch="false"/>
            <line number="269" hits="8" branch="false"/>
            <line number="270" hits="8" branch="true" condition-coverage="100% (1/1)"/>
            <line number="272" hits="8" branch="false"/>
            <line number="273" hits="8" branch="true" condition-coverage="0% (0/1)"/>
            <line number="274" hits="8" branch="false"/>
            <line number="276" hits="12" branch="false"/>
            <line number="278" hits="38" branch="true" condition-coverage="100% (1/1)"/>
            <line number="279" hits="38" branch="false"/>
            <line number="281" hits="38" branch="false"/>
            <line number="282" hits="38" branch="false"/>
            <line number="283" hits="38" branch="true" condition-coverage="100% (1/1)"/>
            <line number="284" hits="3" branch="false"/>
            <line number="285" hits="3" branch="false"/>
            <line number="286" hits="3" branch="false"/>
            <line number="287" hits="3" branch="false"/>
            <line number="288" hits="3" branch="false"/>
            <line number="289" hits="3" branch="false"/>
            <line number="290" hits="3" branch="false"/>
            <line number="291" hits="3" branch="false"/>
            <line number="293" hits="3" branch="false"/>
            <line number="294" hits="3" branch="false"/>
            <line number="295" hits="3" branch="false"/>
            <line number="296" hits="3" branch="false"/>
            <line number="297" hits="3" branch="false"/>
            <line number="298" hits="3" branch="false"/>
            <line number="299" hits="3" branch="false"/>
            <line number="301" hits="3" branch="true" condition-coverage="100% (1/1)"/>
            <line number="302" hits="1" branch="true" condition-coverage="100% (1/1)"/>
            <line number="304" hits="1" branch="true" condition-coverage="100% (1/1)"/>
            <line number="306" hits="2" branch="false"/>
            <line number="307" hits="2" branch="false"/>
            <line number="308" hits="2" branch="false"/>
            <line number="309" hits="2" branch="false"/>
            <line number="310" hits="2" branch="true" condition-coverage="100% (1/1)"/>
            <line number="311" hits="12" branch="true" condition-coverage="100% (1/1)"/>
            <line number="312" hits="12" branch="false"/>
            <line number="313" hits="12" branch="false"/>
            <line number="314" hits="2" branch="false"/>
            <line number="315" hits="2" branch="false"/>
            <line number="316" hits="2" branch="false"/>
            <line number="318" hits="3" branch="true" condition-coverage="100% (1/1)"/>
            <line number="320" hits="35" branch="false"/>
            <line number="323" hits="38" branch="false"/>
            <line number="324" hits="38" branch="false"/>
            <line number="325" hits="38" branch="false"/>
            <line number="326" hits="38" branch="false"/>
            <line number="327" hits="38" branch="false"/>
            <line number="328" hits="38" branch="false"/>
            <line number="329" hits="38" branch="false"/>
            <line number="330" hits="38" branch="false"/>
            <line number="331" hits="38" branch="false"/>
            <line number="332" hits="38" branch="false"/>
            <line number="333" hits="38" branch="false"/>
            <line number="334" hits="38" branch="false"/>
            <line number="335" hits="38" branch="false"/>
            <line number="336" hits="38" branch="false"/>
            <line number="337" hits="38" branch="false"/>
            <line number="338" hits="38" branch="false"/>
            <line number="339" hits="38" branch="false"/>
            <line number="340" hits="38" branch="false"/>
            <line number="341" hits="38" branch="false"/>
            <line number="342" hits="38" branch="false"/>
            <line number="344" hits="38" branch="false"/>
            <line number="345" hits="38" branch="true" condition-coverage="100% (1/1)"/>
            <line number="346" hits="38" branch="true" condition-coverage="100% (2/2)"/>
            <line number="347" hits="38" branch="false"/>
            <line number="348" hits="38" branch="false"/>
            <line number="350" hits="38" branch="false"/>
            <line number="351" hits="38" branch="false"/>
            <line number="352" hits="38" branch="false"/>
            <line number="353" hits="38" branch="true" condition-coverage="100% (2/2)"/>
            <line number="354" hits="38" branch="false"/>
            <line number="356" hits="38" branch="true" condition-coverage="100% (2/2)"/>
            <line number="357" hits="38" branch="false"/>
            <line number="358" hits="38" branch="false"/>
            <line number="359" hits="38" branch="true" condition-coverage="100% (1/1)"/>
            <line number="360" hits="10" branch="false"/>
            <line number="361" hits="10" branch="true" condition-coverage="100% (1/1)"/>
            <line number="362" hits="10" branch="true" condition-coverage="100% (1/1)"/>
            <line number="363" hits="10" branch="true" condition-coverage="100% (1/1)"/>
            <line number="365" hits="10" branch="false"/>
            <line number="366" hits="10" branch="false"/>
            <line number="368" hits="38" branch="false"/>
            <line number="370" hits="38" branch="false"/>
          </lines>
        </class>
        <class name="VoicePage.tsx" filename="src/pages/VoicePage.tsx" line-rate="1" branch-rate="0.8181">
          <methods>
            <method name="VoicePage" hits="10" signature="()V">
              <lines>
                <line number="9" hits="10"/>
              </lines>
            </method>
            <method name="onChange" hits="0" signature="()V">
              <lines>
                <line number="52" hits="0"/>
              </lines>
            </method>
            <method name="onRecording" hits="2" signature="()V">
              <lines>
                <line number="61" hits="2"/>
              </lines>
            </method>
            <method name="onClick" hits="0" signature="()V">
              <lines>
                <line number="80" hits="0"/>
              </lines>
            </method>
          </methods>
          <lines>
            <line number="1" hits="1" branch="false"/>
            <line number="9" hits="1" branch="true" condition-coverage="100% (1/1)"/>
            <line number="10" hits="10" branch="false"/>
            <line number="11" hits="10" branch="false"/>
            <line number="12" hits="10" branch="false"/>
            <line number="13" hits="10" branch="false"/>
            <line number="14" hits="10" branch="false"/>
            <line number="15" hits="10" branch="false"/>
            <line number="17" hits="10" branch="false"/>
            <line number="18" hits="10" branch="true" condition-coverage="100% (1/1)"/>
            <line number="19" hits="2" branch="false"/>
            <line number="20" hits="2" branch="false"/>
            <line number="21" hits="2" branch="false"/>
            <line number="22" hits="2" branch="false"/>
            <line number="23" hits="2" branch="false"/>
            <line number="24" hits="2" branch="true" condition-coverage="33.33333333333333% (1/3)"/>
            <line number="25" hits="1" branch="false"/>
            <line number="26" hits="1" branch="false"/>
            <line number="27" hits="1" branch="false"/>
            <line number="28" hits="1" branch="false"/>
            <line number="29" hits="1" branch="false"/>
            <line number="30" hits="1" branch="false"/>
            <line number="31" hits="1" branch="false"/>
            <line number="32" hits="1" branch="false"/>
            <line number="33" hits="1" branch="false"/>
            <line number="34" hits="1" branch="false"/>
            <line number="35" hits="2" branch="false"/>
            <line number="36" hits="2" branch="false"/>
            <line number="37" hits="2" branch="false"/>
            <line number="38" hits="2" branch="false"/>
            <line number="39" hits="10" branch="false"/>
            <line number="40" hits="10" branch="false"/>
            <line number="42" hits="10" branch="false"/>
            <line number="43" hits="10" branch="false"/>
            <line number="44" hits="10" branch="false"/>
            <line number="45" hits="10" branch="false"/>
            <line number="47" hits="10" branch="false"/>
            <line number="48" hits="10" branch="false"/>
            <line number="49" hits="10" branch="false"/>
            <line number="50" hits="10" branch="false"/>
            <line number="51" hits="10" branch="false"/>
            <line number="52" hits="10" branch="false"/>
            <line number="53" hits="10" branch="false"/>
            <line number="54" hits="10" branch="false"/>
            <line number="55" hits="10" branch="false"/>
            <line number="56" hits="10" branch="false"/>
            <line number="57" hits="10" branch="false"/>
            <line number="58" hits="10" branch="false"/>
            <line number="59" hits="10" branch="true" condition-coverage="100% (1/1)"/>
            <line number="60" hits="10" branch="true" condition-coverage="100% (1/1)"/>
            <line number="61" hits="10" branch="true" condition-coverage="100% (1/1)"/>
            <line number="62" hits="10" branch="false"/>
            <line number="63" hits="10" branch="false"/>
            <line number="64" hits="10" branch="false"/>
            <line number="65" hits="10" branch="false"/>
            <line number="66" hits="10" branch="false"/>
            <line number="67" hits="10" branch="false"/>
            <line number="68" hits="10" branch="false"/>
            <line number="69" hits="10" branch="false"/>
            <line number="70" hits="10" branch="false"/>
            <line number="71" hits="10" branch="false"/>
            <line number="73" hits="10" branch="true" condition-coverage="100% (1/1)"/>
            <line number="74" hits="2" branch="false"/>
            <line number="75" hits="2" branch="true" condition-coverage="100% (2/2)"/>
            <line number="76" hits="2" branch="false"/>
            <line number="77" hits="2" branch="false"/>
            <line number="78" hits="10" branch="false"/>
            <line number="79" hits="10" branch="false"/>
            <line number="80" hits="10" branch="false"/>
            <line number="82" hits="10" branch="false"/>
            <line number="83" hits="10" branch="false"/>
            <line number="85" hits="10" branch="false"/>
          </lines>
        </class>
      </classes>
    </package>
  </packages>
</coverage>
